<?xml version="1.0" encoding="utf-8"?><testsuites name="pytest tests"><testsuite name="pytest" errors="0" failures="0" skipped="0" tests="13" time="12.945" timestamp="2026-07-13T20:57:29.530599+00:00" hostname="agent-env-9e29a13b-bf23-4e60-9008-9c44d426fb4b"><testcase classname="tests.test_three_flows.TestFlow3Checkout" name="test_full_checkout_with_welcome10" time="2.067" /><testcase classname="tests.test_three_flows.TestFlow1CategoryAndSort" name="test_catalog_total_is_980" time="0.367" /><testcase classname="tests.test_three_flows.TestFlow1CategoryAndSort" name="test_categories_are_13" time="0.242" /><testcase classname="tests.test_three_flows.TestFlow1CategoryAndSort" name="test_category_filter_exact_counts[cat_ayurveda-205]" time="0.182" /><testcase classname="tests.test_three_flows.TestFlow1CategoryAndSort" name="test_category_filter_exact_counts[cat_snacks-192]" time="0.203" /><testcase classname="tests.test_three_flows.TestFlow1CategoryAndSort" name="test_category_filter_exact_counts[cat_spices-183]" time="0.907" /><testcase classname="tests.test_three_flows.TestFlow1CategoryAndSort" name="test_sort_price_asc" time="0.197" /><testcase classname="tests.test_three_flows.TestFlow3Checkout" name="test_checkout_requires_auth" time="0.163" /><testcase classname="tests.test_three_flows.TestFlow1CategoryAndSort" name="test_sort_price_desc" time="0.195" /><testcase classname="tests.test_three_flows.TestFlow3Checkout" name="test_invalid_coupon_rejected" time="0.202" /><testcase classname="tests.test_three_flows.TestFlow1CategoryAndSort" name="test_sort_rating_desc" time="0.220" /><testcase classname="tests.test_three_flows.TestFlow2MiraChat" name="test_aashirvaad_atta_grounding" time="5.421" /><testcase classname="tests.test_three_flows.TestFlow2MiraChat" name="test_cheapest_basmati_and_session_persistence" time="3.601" /></testsuite></testsuites>