<?xml version="1.0" encoding="utf-8"?><testsuites name="pytest tests"><testsuite name="pytest" errors="0" failures="0" skipped="0" tests="39" time="10.209" timestamp="2026-07-13T20:15:22.254373+00:00" hostname="agent-env-9e29a13b-bf23-4e60-9008-9c44d426fb4b"><testcase classname="tests.backend_test.TestCatalog" name="test_categories" time="0.347" /><testcase classname="tests.backend_test.TestCatalog" name="test_brands" time="0.203" /><testcase classname="tests.backend_test.TestRBAC" name="test_customer_cannot_admin" time="0.550" /><testcase classname="tests.backend_test.TestRBAC" name="test_customer_cannot_seller" time="0.066" /><testcase classname="tests.backend_test.TestCatalog" name="test_products_pagination" time="0.140" /><testcase classname="tests.backend_test.TestRBAC" name="test_admin_stats" time="0.066" /><testcase classname="tests.backend_test.TestRBAC" name="test_admin_users_list" time="0.102" /><testcase classname="tests.backend_test.TestCatalog" name="test_products_filter_category" time="0.153" /><testcase classname="tests.backend_test.TestRBAC" name="test_admin_orders_list" time="0.097" /><testcase classname="tests.backend_test.TestCatalog" name="test_products_filter_search" time="0.165" /><testcase classname="tests.backend_test.TestRBAC" name="test_admin_coupon_create" time="0.223" /><testcase classname="tests.backend_test.TestCatalog" name="test_products_sort_price_asc" time="0.138" /><testcase classname="tests.backend_test.TestRBAC" name="test_seller_dashboard_as_admin" time="0.108" /><testcase classname="tests.backend_test.TestCatalog" name="test_products_price_range" time="0.198" /><testcase classname="tests.backend_test.TestRBAC" name="test_seller_crud_product" time="0.395" /><testcase classname="tests.backend_test.TestCatalog" name="test_trending" time="0.183" /><testcase classname="tests.backend_test.TestCatalog" name="test_search_suggest" time="0.143" /><testcase classname="tests.backend_test.TestProductDetail" name="test_product_detail" time="0.395" /><testcase classname="tests.backend_test.TestAuth" name="test_dev_login_creates_user" time="0.202" /><testcase classname="tests.backend_test.TestAuth" name="test_me_endpoint" time="0.060" /><testcase classname="tests.backend_test.TestAuth" name="test_me_unauth" time="0.182" /><testcase classname="tests.backend_test.TestProductDetail" name="test_product_related" time="0.149" /><testcase classname="tests.backend_test.TestAuth" name="test_logout" time="0.344" /><testcase classname="tests.backend_test.TestProductDetail" name="test_product_reviews_initial" time="0.165" /><testcase classname="tests.backend_test.TestProductDetail" name="test_product_not_found" time="0.144" /><testcase classname="tests.backend_test.TestCoupons" name="test_list_coupons" time="0.158" /><testcase classname="tests.backend_test.TestCheckout" name="test_checkout_flow" time="1.357" /><testcase classname="tests.backend_test.TestCoupons" name="test_validate_welcome10" time="0.155" /><testcase classname="tests.backend_test.TestCoupons" name="test_validate_save5" time="0.902" /><testcase classname="tests.backend_test.TestCoupons" name="test_invalid_coupon" time="0.153" /><testcase classname="tests.backend_test.TestCheckout" name="test_orders_list" time="0.064" /><testcase classname="tests.backend_test.TestHealth" name="test_health" time="0.164" /><testcase classname="tests.backend_test.TestCheckout" name="test_order_access_control" time="0.314" /><testcase classname="tests.backend_test.TestHealth" name="test_root" time="0.173" /><testcase classname="tests.backend_test.TestCart" name="test_cart_requires_auth" time="0.160" /><testcase classname="tests.backend_test.TestWishlist" name="test_wishlist_flow" time="0.527" /><testcase classname="tests.backend_test.TestCart" name="test_add_get_update_remove" time="0.480" /><testcase classname="tests.backend_test.TestReviews" name="test_add_review_updates_rating" time="0.380" /><testcase classname="tests.backend_test.TestChat" name="test_chat_stream" time="4.461" /></testsuite></testsuites>